Compiling the CXX compiler identification source file "CMakeCXXCompilerId.cpp" failed.
Compiler: CMAKE_CXX_COMPILER-NOTFOUND 
Build flags: 
Id flags:  

The output was:
No such file or directory


Compiling the CXX compiler identification source file "CMakeCXXCompilerId.cpp" failed.
Compiler: CMAKE_CXX_COMPILER-NOTFOUND 
Build flags: 
Id flags: -c 

The output was:
No such file or directory


Compiling the CXX compiler identification source file "CMakeCXXCompilerId.cpp" failed.
Compiler: CMAKE_CXX_COMPILER-NOTFOUND 
Build flags: 
Id flags: --c++ 

The output was:
No such file or directory


Compiling the CXX compiler identification source file "CMakeCXXCompilerId.cpp" failed.
Compiler: CMAKE_CXX_COMPILER-NOTFOUND 
Build flags: 
Id flags: --ec++ 

The output was:
No such file or directory


Compiling the CXX compiler identification source file "CMakeCXXCompilerId.cpp" failed.
Compiler: CMAKE_CXX_COMPILER-NOTFOUND 
Build flags: 
Id flags: --target=arm-arm-none-eabi;-mcpu=cortex-m3 

The output was:
No such file or directory


Compiling the CXX compiler identification source file "CMakeCXXCompilerId.cpp" failed.
Compiler: CMAKE_CXX_COMPILER-NOTFOUND 
Build flags: 
Id flags:  

The output was:
No such file or directory


Compiling the CXX compiler identification source file "CMakeCXXCompilerId.cpp" failed.
Compiler: CMAKE_CXX_COMPILER-NOTFOUND 
Build flags: 
Id flags: -c 

The output was:
No such file or directory


Compiling the CXX compiler identification source file "CMakeCXXCompilerId.cpp" failed.
Compiler: CMAKE_CXX_COMPILER-NOTFOUND 
Build flags: 
Id flags: --c++ 

The output was:
No such file or directory


Compiling the CXX compiler identification source file "CMakeCXXCompilerId.cpp" failed.
Compiler: CMAKE_CXX_COMPILER-NOTFOUND 
Build flags: 
Id flags: --ec++ 

The output was:
No such file or directory


Compiling the CXX compiler identification source file "CMakeCXXCompilerId.cpp" failed.
Compiler: CMAKE_CXX_COMPILER-NOTFOUND 
Build flags: 
Id flags: --target=arm-arm-none-eabi;-mcpu=cortex-m3 

The output was:
No such file or directory


Compiling the CUDA compiler identification source file "CMakeCUDACompilerId.cu" failed.
Compiler: /usr/local/cuda/bin/nvcc 
Build flags: 
Id flags:  -v;--keep;--keep-dir;tmp

The output was:
1
gcc: fatal error: cannot execute ‘cc1plus’: execvp: No such file or directory
compilation terminated.
nvcc fatal   : Failed to preprocess host compiler properties.


Compiling the CUDA compiler identification source file "CMakeCUDACompilerId.cu" failed.
Compiler: /usr/local/cuda/bin/nvcc 
Build flags: 
Id flags:  -v;--keep;--keep-dir;tmp

The output was:
1
gcc: fatal error: cannot execute ‘cc1plus’: execvp: No such file or directory
compilation terminated.
nvcc fatal   : Failed to preprocess host compiler properties.


Determining if the CUDA compiler works failed with the following output:
Change Dir: /home/zailair/Desktop/PP_HW/Final_Project_Cuda/CMakeFiles/CMakeTmp

Run Build Command(s):/usr/bin/make cmTC_c9435/fast && /usr/bin/make -f CMakeFiles/cmTC_c9435.dir/build.make CMakeFiles/cmTC_c9435.dir/build
make[1]: Entering directory '/home/zailair/Desktop/PP_HW/Final_Project_Cuda/CMakeFiles/CMakeTmp'
Building CUDA object CMakeFiles/cmTC_c9435.dir/main.cu.o
/usr/local/cuda/bin/nvcc     -x cu -c /home/zailair/Desktop/PP_HW/Final_Project_Cuda/CMakeFiles/CMakeTmp/main.cu -o CMakeFiles/cmTC_c9435.dir/main.cu.o
gcc: fatal error: cannot execute ‘cc1plus’: execvp: No such file or directory
compilation terminated.
nvcc fatal   : Failed to preprocess host compiler properties.
make[1]: *** [CMakeFiles/cmTC_c9435.dir/build.make:66: CMakeFiles/cmTC_c9435.dir/main.cu.o] Error 1
make[1]: Leaving directory '/home/zailair/Desktop/PP_HW/Final_Project_Cuda/CMakeFiles/CMakeTmp'
make: *** [Makefile:121: cmTC_c9435/fast] Error 2



